>> Writing PID to tmp/pids/thin.pid
>> Using rack adapter
Invalid gemspec in [/home/sebastien/.rvm/gems/ruby-1.9.3-p448/specifications/ZenTest-4.9.3.gemspec]: Illformed requirement ["< 2.1, >= 1.8"]
>> Thin web server (v1.5.1 codename Straight Razor)
>> Maximum connections set to 1024
>> Listening on 0.0.0.0:3000, CTRL+C to stop
>> Exiting!
/home/sebastien/.rvm/gems/ruby-1.9.3-p448/gems/eventmachine-1.0.3/lib/eventmachine.rb:526:in `start_tcp_server': no acceptor (port is in use or requires root privileges) (RuntimeError)
	from /home/sebastien/.rvm/gems/ruby-1.9.3-p448/gems/eventmachine-1.0.3/lib/eventmachine.rb:526:in `start_server'
	from /home/sebastien/.rvm/gems/ruby-1.9.3-p448/gems/thin-1.5.1/lib/thin/backends/tcp_server.rb:16:in `connect'
	from /home/sebastien/.rvm/gems/ruby-1.9.3-p448/gems/thin-1.5.1/lib/thin/backends/base.rb:55:in `block in start'
	from /home/sebastien/.rvm/gems/ruby-1.9.3-p448/gems/eventmachine-1.0.3/lib/eventmachine.rb:187:in `call'
	from /home/sebastien/.rvm/gems/ruby-1.9.3-p448/gems/eventmachine-1.0.3/lib/eventmachine.rb:187:in `run_machine'
	from /home/sebastien/.rvm/gems/ruby-1.9.3-p448/gems/eventmachine-1.0.3/lib/eventmachine.rb:187:in `run'
	from /home/sebastien/.rvm/gems/ruby-1.9.3-p448/gems/thin-1.5.1/lib/thin/backends/base.rb:63:in `start'
	from /home/sebastien/.rvm/gems/ruby-1.9.3-p448/gems/thin-1.5.1/lib/thin/server.rb:159:in `start'
	from /home/sebastien/.rvm/gems/ruby-1.9.3-p448/gems/thin-1.5.1/lib/thin/controllers/controller.rb:86:in `start'
	from /home/sebastien/.rvm/gems/ruby-1.9.3-p448/gems/thin-1.5.1/lib/thin/runner.rb:187:in `run_command'
	from /home/sebastien/.rvm/gems/ruby-1.9.3-p448/gems/thin-1.5.1/lib/thin/runner.rb:152:in `run!'
	from /home/sebastien/.rvm/gems/ruby-1.9.3-p448/gems/thin-1.5.1/bin/thin:6:in `<top (required)>'
	from /home/sebastien/.rvm/gems/ruby-1.9.3-p448/bin/thin:19:in `load'
	from /home/sebastien/.rvm/gems/ruby-1.9.3-p448/bin/thin:19:in `<main>'
